<?xml version="1.0" encoding="UTF-8"?>
<testng-results ignored="0" total="1" passed="1" failed="0" skipped="0">
  <reporter-output>
  </reporter-output>
  <suite started-at="2022-08-16T12:49:26Z" name="Default suite" finished-at="2022-08-16T12:51:53Z" duration-ms="146760">
    <groups>
    </groups>
    <test started-at="2022-08-16T12:49:26Z" name="Default test" finished-at="2022-08-16T12:51:53Z" duration-ms="146760">
      <class name="tests.TestCargaMasiva">
        <test-method is-config="true" signature="setUp()[pri:0, instance:tests.TestCargaMasiva@15a04efb]" started-at="2022-08-16T12:49:26Z" name="setUp" finished-at="2022-08-16T12:49:46Z" duration-ms="19965" status="PASS">
          <reporter-output>
          </reporter-output>
        </test-method> <!-- setUp -->
        <test-method signature="creacionEnvios()[pri:0, instance:tests.TestCargaMasiva@15a04efb]" started-at="2022-08-16T12:49:47Z" name="creacionEnvios" finished-at="2022-08-16T12:51:53Z" duration-ms="125275" status="PASS">
          <reporter-output>
          </reporter-output>
        </test-method> <!-- creacionEnvios -->
      </class> <!-- tests.TestCargaMasiva -->
    </test> <!-- Default test -->
  </suite> <!-- Default suite -->
</testng-results>
